[10:19:04] [main/INFO]: [FabricLoader] Loading 5 mods: minecraft@1.16.1, lithium@0.5.1, carpet-tis-addition@1.0.9, fabricloader@0.9.0+build.204, carpet@1.4.0
[10:19:04] [main/INFO]: SpongePowered MIXIN Subsystem Version=0.8 Source=file:/C:/Users/pzeug/Downloads/MCDReforged-0.9.3-alpha/server/fabric.jar Service=Knot/Fabric Env=SERVER
[10:19:07] [main/INFO]: Loaded configuration file for Lithium: 54 options available, 0 override(s) found
[10:19:10] [main/INFO]: Environment: authHost='https://authserver.mojang.com', accountsHost='https://api.mojang.com', sessionHost='https://sessionserver.mojang.com', name='PROD'
[10:19:11] [main/WARN]: Ambiguity between arguments [teleport, destination] and [teleport, targets] with inputs: [Player, 0123, @e, dd12be42-52a9-4a91-a8a1-11c01849e498]
[10:19:11] [main/WARN]: Ambiguity between arguments [teleport, location] and [teleport, destination] with inputs: [0.1 -0.5 .9, 0 0 0]
[10:19:11] [main/WARN]: Ambiguity between arguments [teleport, location] and [teleport, targets] with inputs: [0.1 -0.5 .9, 0 0 0]
[10:19:11] [main/WARN]: Ambiguity between arguments [teleport, targets] and [teleport, destination] with inputs: [Player, 0123, dd12be42-52a9-4a91-a8a1-11c01849e498]
[10:19:11] [main/WARN]: Ambiguity between arguments [teleport, targets, location] and [teleport, targets, destination] with inputs: [0.1 -0.5 .9, 0 0 0]
[10:19:11] [main/INFO]: Reloading ResourceManager: Default
[10:19:11] [Worker-Main-11/INFO]: Loaded 7 recipes
[10:19:12] [Worker-Main-11/INFO]: Loaded 927 advancements
[10:19:12] [Server thread/INFO]: Starting minecraft server version 1.16.1
[10:19:12] [Server thread/INFO]: Loading properties
[10:19:12] [Server thread/INFO]: Default game type: SURVIVAL
[10:19:12] [Server thread/INFO]: Generating keypair
[10:19:12] [Server thread/INFO]: Starting Minecraft server on *:25565
[10:19:12] [Server thread/INFO]: Using default channel type
[10:19:14] [Server thread/INFO]: Preparing level "world"
[10:19:17] [Server thread/INFO]: Preparing start region for dimension minecraft:overworld
[10:19:17] [Worker-Main-15/INFO]: Preparing spawn area: 0%
[10:19:18] [Worker-Main-15/INFO]: Preparing spawn area: 0%
[10:19:18] [Worker-Main-13/INFO]: Preparing spawn area: 0%
[10:19:19] [Worker-Main-15/INFO]: Preparing spawn area: 0%
[10:19:19] [Worker-Main-13/INFO]: Preparing spawn area: 2%
[10:19:20] [Worker-Main-8/INFO]: Preparing spawn area: 6%
[10:19:20] [Worker-Main-10/INFO]: Preparing spawn area: 10%
[10:19:21] [Worker-Main-12/INFO]: Preparing spawn area: 11%
[10:19:21] [Worker-Main-13/INFO]: Preparing spawn area: 13%
[10:19:22] [Worker-Main-9/INFO]: Preparing spawn area: 17%
[10:19:22] [Worker-Main-8/INFO]: Preparing spawn area: 19%
[10:19:23] [Worker-Main-15/INFO]: Preparing spawn area: 24%
[10:19:23] [Worker-Main-12/INFO]: Preparing spawn area: 27%
[10:19:24] [Worker-Main-13/INFO]: Preparing spawn area: 32%
[10:19:24] [Worker-Main-15/INFO]: Preparing spawn area: 38%
[10:19:25] [Worker-Main-15/INFO]: Preparing spawn area: 44%
[10:19:25] [Worker-Main-10/INFO]: Preparing spawn area: 48%
[10:19:26] [Worker-Main-15/INFO]: Preparing spawn area: 56%
[10:19:26] [Worker-Main-15/INFO]: Preparing spawn area: 62%
[10:19:27] [Worker-Main-9/INFO]: Preparing spawn area: 68%
[10:19:27] [Worker-Main-14/INFO]: Preparing spawn area: 73%
[10:19:28] [Worker-Main-15/INFO]: Preparing spawn area: 80%
[10:19:28] [Worker-Main-15/INFO]: Preparing spawn area: 86%
[10:19:29] [Worker-Main-9/INFO]: Preparing spawn area: 91%
[10:19:29] [Worker-Main-10/INFO]: Preparing spawn area: 98%
[10:19:29] [Server thread/INFO]: Time elapsed: 12074 ms
[10:19:29] [Server thread/INFO]: Done (15.473s)! For help, type "help"
[10:19:41] [Server thread/INFO]: Stopping the server
[10:19:41] [Server thread/INFO]: Stopping server
[10:19:41] [Server thread/INFO]: Saving players
[10:19:41] [Server thread/INFO]: Saving worlds
[10:19:41] [Server thread/INFO]: Saving chunks for level 'ServerLevel[world]'/minecraft:overworld
[10:19:41] [Server thread/INFO]: ThreadedAnvilChunkStorage (world): All chunks are saved
[10:19:41] [Server thread/INFO]: Saving chunks for level 'ServerLevel[world]'/minecraft:the_nether
[10:19:41] [Server thread/INFO]: ThreadedAnvilChunkStorage (DIM-1): All chunks are saved
[10:19:41] [Server thread/INFO]: Saving chunks for level 'ServerLevel[world]'/minecraft:the_end
[10:19:41] [Server thread/INFO]: ThreadedAnvilChunkStorage (DIM1): All chunks are saved
[10:19:41] [Server thread/INFO]: ThreadedAnvilChunkStorage (world): All chunks are saved
[10:19:41] [Server thread/INFO]: ThreadedAnvilChunkStorage (DIM-1): All chunks are saved
[10:19:41] [Server thread/INFO]: ThreadedAnvilChunkStorage (DIM1): All chunks are saved
