[MCDR] [2020-07-22 10:19:02] [MainThread/INFO]: Language has set to en_us
[MCDR] [2020-07-22 10:19:02] [MainThread/INFO]: Parser has set to vanilla_parser
[MCDR] [2020-07-22 10:19:02] [MainThread/INFO]: Encoding / Decoding method has set to utf-8 / cp1252
[MCDR] [2020-07-22 10:19:02] [MainThread/INFO]: Loading plugins
[MCDR] [2020-07-22 10:19:02] [MainThread/INFO]: Plugin beep.py loaded
[MCDR] [2020-07-22 10:19:02] [MainThread/INFO]: Plugin Calculator.py loaded
[MCDR] [2020-07-22 10:19:02] [MainThread/INFO]: Plugin Here.py loaded
[MCDR] [2020-07-22 10:19:02] [MainThread/INFO]: Plugin platform.py loaded
[MCDR] [2020-07-22 10:19:02] [MainThread/INFO]: Plugin PlayerInfoAPI.py loaded
[MCDR] [2020-07-22 10:19:02] [MainThread/INFO]: Plugin QuickBackupM.py loaded
[MCDR] [2020-07-22 10:19:02] [MainThread/INFO]: Plugin startandop_mcdr.py loaded
[MCDR] [2020-07-22 10:19:02] [MainThread/INFO]: Plugin tp_mcdr.py loaded
[MCDR] [2020-07-22 10:19:02] [MainThread/INFO]: Loaded: §78§r plugins; Loaded plugin amount: §78§r
[MCDR] [2020-07-22 10:19:02] [MainThread/INFO]: Starting the server with command "java -Xms3G -Xmx5G -jar fabric.jar nogui"
[MCDR] [2020-07-22 10:19:02] [MainThread/INFO]: Server is running at PID 21600
[MCDR] [2020-07-22 10:19:02] [CheckUpdate/INFO]: MCDR is already the latset version
[MCDR] [2020-07-22 10:19:42] [MainThread/INFO]: Waiting for server process to stop
[MCDR] [2020-07-22 10:19:42] [MainThread/INFO]: Server process stopped with code 0
[MCDR] [2020-07-22 10:19:42] [MainThread/INFO]: Server stopped by itself
[MCDR] [2020-07-22 10:19:42] [MainThread/INFO]: Server stopped
[MCDR] [2020-07-22 10:19:42] [MainThread/INFO]: bye
